::1 - - [04/Nov/2021:16:03:54 +0000] "GET / HTTP/1.1" 302 68 "-" "Mozilla/5.0 (Windows NT 10.0; Win64; x64) AppleWebKit/537.36 (KHTML, like Gecko) Chrome/95.0.4638.69 Safari/537.36"
::1 - - [04/Nov/2021:16:03:55 +0000] "GET /favicon.ico HTTP/1.1" 302 34 "http://localhost:3000/auth/signin" "Mozilla/5.0 (Windows NT 10.0; Win64; x64) AppleWebKit/537.36 (KHTML, like Gecko) Chrome/95.0.4638.69 Safari/537.36"
::1 - - [04/Nov/2021:16:03:59 +0000] "GET /favicon.ico HTTP/1.1" 302 34 "http://localhost:3000/edit/updateProfile" "Mozilla/5.0 (Windows NT 10.0; Win64; x64) AppleWebKit/537.36 (KHTML, like Gecko) Chrome/95.0.4638.69 Safari/537.36"
::1 - - [04/Nov/2021:16:04:53 +0000] "GET /favicon.ico HTTP/1.1" 302 34 "http://localhost:3000/edit/updateProfile" "Mozilla/5.0 (Windows NT 10.0; Win64; x64) AppleWebKit/537.36 (KHTML, like Gecko) Chrome/95.0.4638.69 Safari/537.36"
::1 - - [04/Nov/2021:16:05:50 +0000] "GET /favicon.ico HTTP/1.1" 302 34 "http://localhost:3000/profile/view?id=617a87ff423b5978b07e2409" "Mozilla/5.0 (Windows NT 10.0; Win64; x64) AppleWebKit/537.36 (KHTML, like Gecko) Chrome/95.0.4638.69 Safari/537.36"
::1 - - [04/Nov/2021:16:06:56 +0000] "GET /favicon.ico HTTP/1.1" 302 34 "http://localhost:3000/edit/updateProfile" "Mozilla/5.0 (Windows NT 10.0; Win64; x64) AppleWebKit/537.36 (KHTML, like Gecko) Chrome/95.0.4638.69 Safari/537.36"
::1 - - [04/Nov/2021:16:07:00 +0000] "GET /favicon.ico HTTP/1.1" 302 34 "http://localhost:3000/profile/view?id=617a87ff423b5978b07e2409" "Mozilla/5.0 (Windows NT 10.0; Win64; x64) AppleWebKit/537.36 (KHTML, like Gecko) Chrome/95.0.4638.69 Safari/537.36"
::1 - - [04/Nov/2021:16:07:16 +0000] "GET /favicon.ico HTTP/1.1" 302 34 "http://localhost:3000/profile/view?id=617a87ff423b5978b07e2409" "Mozilla/5.0 (Windows NT 10.0; Win64; x64) AppleWebKit/537.36 (KHTML, like Gecko) Chrome/95.0.4638.69 Safari/537.36"
::1 - - [04/Nov/2021:16:07:36 +0000] "GET /favicon.ico HTTP/1.1" 302 34 "http://localhost:3000/profile/view?id=617a87ff423b5978b07e2409" "Mozilla/5.0 (Windows NT 10.0; Win64; x64) AppleWebKit/537.36 (KHTML, like Gecko) Chrome/95.0.4638.69 Safari/537.36"
::1 - - [04/Nov/2021:16:11:23 +0000] "GET /favicon.ico HTTP/1.1" 302 34 "http://localhost:3000/profile/view?id=617a87ff423b5978b07e2409" "Mozilla/5.0 (Windows NT 10.0; Win64; x64) AppleWebKit/537.36 (KHTML, like Gecko) Chrome/95.0.4638.69 Safari/537.36"
::1 - - [04/Nov/2021:16:11:47 +0000] "GET /favicon.ico HTTP/1.1" 302 34 "http://localhost:3000/profile/view?id=617a87ff423b5978b07e2409" "Mozilla/5.0 (Windows NT 10.0; Win64; x64) AppleWebKit/537.36 (KHTML, like Gecko) Chrome/95.0.4638.69 Safari/537.36"
::1 - - [04/Nov/2021:16:17:19 +0000] "GET /favicon.ico HTTP/1.1" 302 34 "http://localhost:3000/profile/view?id=617a87ff423b5978b07e2409" "Mozilla/5.0 (Windows NT 10.0; Win64; x64) AppleWebKit/537.36 (KHTML, like Gecko) Chrome/95.0.4638.69 Safari/537.36"
::1 - - [04/Nov/2021:16:18:32 +0000] "GET /favicon.ico HTTP/1.1" 302 34 "http://localhost:3000/profile/view?id=617a87ff423b5978b07e2409" "Mozilla/5.0 (Windows NT 10.0; Win64; x64) AppleWebKit/537.36 (KHTML, like Gecko) Chrome/95.0.4638.69 Safari/537.36"
::1 - - [04/Nov/2021:16:26:00 +0000] "GET /favicon.ico HTTP/1.1" 302 34 "http://localhost:3000/profile/view?id=617a87ff423b5978b07e2409" "Mozilla/5.0 (Windows NT 10.0; Win64; x64) AppleWebKit/537.36 (KHTML, like Gecko) Chrome/95.0.4638.69 Safari/537.36"
::1 - - [04/Nov/2021:16:32:01 +0000] "GET /favicon.ico HTTP/1.1" 302 34 "http://localhost:3000/profile/view?id=617a87ff423b5978b07e2409" "Mozilla/5.0 (Windows NT 10.0; Win64; x64) AppleWebKit/537.36 (KHTML, like Gecko) Chrome/95.0.4638.69 Safari/537.36"
::1 - - [04/Nov/2021:17:47:29 +0000] "GET / HTTP/1.1" 302 68 "-" "Mozilla/5.0 (Windows NT 10.0; Win64; x64) AppleWebKit/537.36 (KHTML, like Gecko) Chrome/95.0.4638.69 Safari/537.36"
::1 - - [04/Nov/2021:17:47:30 +0000] "GET /favicon.ico HTTP/1.1" 302 34 "http://localhost:3000/auth/signin" "Mozilla/5.0 (Windows NT 10.0; Win64; x64) AppleWebKit/537.36 (KHTML, like Gecko) Chrome/95.0.4638.69 Safari/537.36"
::1 - - [11/Nov/2021:10:13:09 +0000] "GET / HTTP/1.1" 302 68 "-" "Mozilla/5.0 (Windows NT 10.0; Win64; x64) AppleWebKit/537.36 (KHTML, like Gecko) Chrome/95.0.4638.69 Safari/537.36"
::1 - - [11/Nov/2021:10:13:10 +0000] "GET /favicon.ico HTTP/1.1" 302 34 "http://localhost:3000/auth/signin" "Mozilla/5.0 (Windows NT 10.0; Win64; x64) AppleWebKit/537.36 (KHTML, like Gecko) Chrome/95.0.4638.69 Safari/537.36"
::1 - - [11/Nov/2021:10:13:12 +0000] "GET /favicon.ico HTTP/1.1" 302 34 "http://localhost:3000/edit/updateProfile" "Mozilla/5.0 (Windows NT 10.0; Win64; x64) AppleWebKit/537.36 (KHTML, like Gecko) Chrome/95.0.4638.69 Safari/537.36"
::1 - - [11/Nov/2021:10:13:17 +0000] "GET /favicon.ico HTTP/1.1" 302 34 "http://localhost:3000/profile/view?id=617a87ff423b5978b07e2409" "Mozilla/5.0 (Windows NT 10.0; Win64; x64) AppleWebKit/537.36 (KHTML, like Gecko) Chrome/95.0.4638.69 Safari/537.36"
::1 - - [11/Nov/2021:10:18:59 +0000] "GET /favicon.ico HTTP/1.1" 302 34 "http://localhost:3000/profile/view?id=617a87ff423b5978b07e2409" "Mozilla/5.0 (Linux; Android 6.0; Nexus 5 Build/MRA58N) AppleWebKit/537.36 (KHTML, like Gecko) Chrome/95.0.4638.69 Mobile Safari/537.36"
::1 - - [11/Nov/2021:10:24:50 +0000] "GET /favicon.ico HTTP/1.1" 302 34 "http://localhost:3000/profile/view?id=617a87ff423b5978b07e2409" "Mozilla/5.0 (Linux; Android 6.0; Nexus 5 Build/MRA58N) AppleWebKit/537.36 (KHTML, like Gecko) Chrome/95.0.4638.69 Mobile Safari/537.36"
::1 - - [11/Nov/2021:10:27:45 +0000] "GET /favicon.ico HTTP/1.1" 302 34 "http://localhost:3000/profile/view?id=617a87ff423b5978b07e2409" "Mozilla/5.0 (Linux; Android 6.0; Nexus 5 Build/MRA58N) AppleWebKit/537.36 (KHTML, like Gecko) Chrome/95.0.4638.69 Mobile Safari/537.36"
::1 - - [11/Nov/2021:10:31:32 +0000] "GET /favicon.ico HTTP/1.1" 302 34 "http://localhost:3000/profile/view?id=617a87ff423b5978b07e2409" "Mozilla/5.0 (Linux; Android 6.0; Nexus 5 Build/MRA58N) AppleWebKit/537.36 (KHTML, like Gecko) Chrome/95.0.4638.69 Mobile Safari/537.36"
::1 - - [11/Nov/2021:10:32:38 +0000] "GET /favicon.ico HTTP/1.1" 302 34 "http://localhost:3000/profile/view?id=617a87ff423b5978b07e2409" "Mozilla/5.0 (Linux; Android 6.0; Nexus 5 Build/MRA58N) AppleWebKit/537.36 (KHTML, like Gecko) Chrome/95.0.4638.69 Mobile Safari/537.36"
::1 - - [11/Nov/2021:10:33:43 +0000] "GET /favicon.ico HTTP/1.1" 302 34 "http://localhost:3000/profile/view?id=617a87ff423b5978b07e2409" "Mozilla/5.0 (Linux; Android 6.0; Nexus 5 Build/MRA58N) AppleWebKit/537.36 (KHTML, like Gecko) Chrome/95.0.4638.69 Mobile Safari/537.36"
::1 - - [11/Nov/2021:10:33:50 +0000] "GET /favicon.ico HTTP/1.1" 302 34 "http://localhost:3000/profile/view?id=617a87ff423b5978b07e2409" "Mozilla/5.0 (Linux; Android 6.0; Nexus 5 Build/MRA58N) AppleWebKit/537.36 (KHTML, like Gecko) Chrome/95.0.4638.69 Mobile Safari/537.36"
::1 - - [11/Nov/2021:10:37:03 +0000] "GET /favicon.ico HTTP/1.1" 302 34 "http://localhost:3000/profile/view?id=617a87ff423b5978b07e2409" "Mozilla/5.0 (Linux; Android 6.0; Nexus 5 Build/MRA58N) AppleWebKit/537.36 (KHTML, like Gecko) Chrome/95.0.4638.69 Mobile Safari/537.36"
::1 - - [11/Nov/2021:10:43:10 +0000] "GET / HTTP/1.1" 302 68 "-" "Mozilla/5.0 (Windows NT 10.0; Win64; x64) AppleWebKit/537.36 (KHTML, like Gecko) Chrome/95.0.4638.69 Safari/537.36"
::1 - - [11/Nov/2021:10:43:11 +0000] "GET /favicon.ico HTTP/1.1" 302 34 "http://localhost:3000/auth/signin" "Mozilla/5.0 (Windows NT 10.0; Win64; x64) AppleWebKit/537.36 (KHTML, like Gecko) Chrome/95.0.4638.69 Safari/537.36"
::1 - - [11/Nov/2021:10:43:14 +0000] "GET /favicon.ico HTTP/1.1" 302 34 "http://localhost:3000/edit/updateProfile" "Mozilla/5.0 (Windows NT 10.0; Win64; x64) AppleWebKit/537.36 (KHTML, like Gecko) Chrome/95.0.4638.69 Safari/537.36"
::1 - - [11/Nov/2021:10:43:42 +0000] "GET /favicon.ico HTTP/1.1" 302 34 "http://localhost:3000/edit/updateProfile" "Mozilla/5.0 (Windows NT 10.0; Win64; x64) AppleWebKit/537.36 (KHTML, like Gecko) Chrome/95.0.4638.69 Safari/537.36"
::1 - - [11/Nov/2021:10:43:59 +0000] "GET /favicon.ico HTTP/1.1" 302 34 "http://localhost:3000/profile/view?id=617a87ff423b5978b07e2409" "Mozilla/5.0 (Windows NT 10.0; Win64; x64) AppleWebKit/537.36 (KHTML, like Gecko) Chrome/95.0.4638.69 Safari/537.36"
::1 - - [11/Nov/2021:10:53:09 +0000] "GET / HTTP/1.1" 302 68 "-" "Mozilla/5.0 (Windows NT 10.0; Win64; x64) AppleWebKit/537.36 (KHTML, like Gecko) Chrome/95.0.4638.69 Safari/537.36"
::1 - - [11/Nov/2021:10:53:10 +0000] "GET /favicon.ico HTTP/1.1" 302 34 "http://localhost:3000/auth/signin" "Mozilla/5.0 (Windows NT 10.0; Win64; x64) AppleWebKit/537.36 (KHTML, like Gecko) Chrome/95.0.4638.69 Safari/537.36"
::1 - - [11/Nov/2021:10:53:13 +0000] "GET /favicon.ico HTTP/1.1" 302 34 "http://localhost:3000/edit/updateProfile" "Mozilla/5.0 (Windows NT 10.0; Win64; x64) AppleWebKit/537.36 (KHTML, like Gecko) Chrome/95.0.4638.69 Safari/537.36"
::1 - - [11/Nov/2021:10:53:17 +0000] "GET /favicon.ico HTTP/1.1" 302 34 "http://localhost:3000/profile/view?id=617a87ff423b5978b07e2409" "Mozilla/5.0 (Windows NT 10.0; Win64; x64) AppleWebKit/537.36 (KHTML, like Gecko) Chrome/95.0.4638.69 Safari/537.36"
